<?xml version="1.0" encoding="UTF-8"?>
<testng-results ignored="0" total="1" passed="1" failed="0" skipped="0">
  <reporter-output>
    <line>
      <![CDATA[Database connected]]>
    </line>
    <line>
      <![CDATA[Browser is launched sucessfully]]>
    </line>
    <line>
      <![CDATA[Logged in sucessfully]]>
    </line>
    <line>
      <![CDATA[Logout sucessfully]]>
    </line>
    <line>
      <![CDATA[Browser closed sucessfully]]>
    </line>
    <line>
      <![CDATA[database disconnected]]>
    </line>
  </reporter-output>
  <suite started-at="2023-07-25T10:00:30 IST" name="Default suite" finished-at="2023-07-25T10:01:58 IST" duration-ms="87230">
    <groups>
    </groups>
    <test started-at="2023-07-25T10:00:30 IST" name="Default test" finished-at="2023-07-25T10:01:58 IST" duration-ms="87230">
      <class name="com.ActitimeCRM.Testscripts.CreateCustomer">
        <test-method is-config="true" signature="databaseConnection()[pri:0, instance:com.ActitimeCRM.Testscripts.CreateCustomer@3857f613]" started-at="2023-07-25T10:00:30 IST" name="databaseConnection" finished-at="2023-07-25T10:00:30 IST" duration-ms="40" status="PASS">
          <reporter-output>
            <line>
              <![CDATA[Database connected]]>
            </line>
          </reporter-output>
        </test-method> <!-- databaseConnection -->
        <test-method is-config="true" signature="launchBrowser()[pri:0, instance:com.ActitimeCRM.Testscripts.CreateCustomer@3857f613]" started-at="2023-07-25T10:00:31 IST" name="launchBrowser" finished-at="2023-07-25T10:01:22 IST" duration-ms="51756" status="PASS">
          <reporter-output>
            <line>
              <![CDATA[Browser is launched sucessfully]]>
            </line>
          </reporter-output>
        </test-method> <!-- launchBrowser -->
        <test-method is-config="true" signature="login()[pri:0, instance:com.ActitimeCRM.Testscripts.CreateCustomer@3857f613]" started-at="2023-07-25T10:01:23 IST" name="login" finished-at="2023-07-25T10:01:24 IST" duration-ms="1008" status="PASS">
          <reporter-output>
            <line>
              <![CDATA[Logged in sucessfully]]>
            </line>
          </reporter-output>
        </test-method> <!-- login -->
        <test-method signature="createCustomer()[pri:0, instance:com.ActitimeCRM.Testscripts.CreateCustomer@3857f613]" started-at="2023-07-25T10:01:24 IST" name="createCustomer" finished-at="2023-07-25T10:01:57 IST" duration-ms="33023" status="PASS">
          <reporter-output>
          </reporter-output>
        </test-method> <!-- createCustomer -->
        <test-method is-config="true" signature="logout()[pri:0, instance:com.ActitimeCRM.Testscripts.CreateCustomer@3857f613]" started-at="2023-07-25T10:01:57 IST" name="logout" finished-at="2023-07-25T10:01:57 IST" duration-ms="8" status="PASS">
          <reporter-output>
            <line>
              <![CDATA[Logout sucessfully]]>
            </line>
          </reporter-output>
        </test-method> <!-- logout -->
        <test-method is-config="true" signature="closeBrowser()[pri:0, instance:com.ActitimeCRM.Testscripts.CreateCustomer@3857f613]" started-at="2023-07-25T10:01:57 IST" name="closeBrowser" finished-at="2023-07-25T10:01:58 IST" duration-ms="545" status="PASS">
          <reporter-output>
            <line>
              <![CDATA[Browser closed sucessfully]]>
            </line>
          </reporter-output>
        </test-method> <!-- closeBrowser -->
        <test-method is-config="true" signature="databaseDisconnect()[pri:0, instance:com.ActitimeCRM.Testscripts.CreateCustomer@3857f613]" started-at="2023-07-25T10:01:58 IST" name="databaseDisconnect" finished-at="2023-07-25T10:01:58 IST" duration-ms="10" status="PASS">
          <reporter-output>
            <line>
              <![CDATA[database disconnected]]>
            </line>
          </reporter-output>
        </test-method> <!-- databaseDisconnect -->
      </class> <!-- com.ActitimeCRM.Testscripts.CreateCustomer -->
    </test> <!-- Default test -->
  </suite> <!-- Default suite -->
</testng-results>
